TTC restart
Commands for restart and reset executed, getting data for 100 seconds
TTC restart
Commands for restart and reset executed, getting data for 100 seconds
TTC restart
Commands for restart and reset executed, getting data for 100 seconds
TTC restart
Commands for restart and reset executed, getting data for 100 seconds
TTC restart
Commands for restart and reset executed, getting data for 100 seconds
TTC restart
Commands for restart and reset executed, getting data for 100 seconds
TTC restart
Commands for restart and reset executed, getting data for 100 seconds
TTC restart
Commands for restart and reset executed, getting data for 100 seconds
TTC restart
Commands for restart and reset executed, getting data for 100 seconds
TTC restart
Commands for restart and reset executed, getting data for 100 seconds
TTC restart
Commands for restart and reset executed, getting data for 100 seconds
TTC restart
Commands for restart and reset executed, getting data for 100 seconds
TTC restart
Commands for restart and reset executed, getting data for 100 seconds
TTC restart
Commands for restart and reset executed, getting data for 100 seconds
TTC restart
Commands for restart and reset executed, getting data for 100 seconds
TTC restart
Commands for restart and reset executed, getting data for 100 seconds
TTC restart
Commands for restart and reset executed, getting data for 100 seconds
TTC restart
Commands for restart and reset executed, getting data for 100 seconds
TTC restart
Commands for restart and reset executed, getting data for 100 seconds
TTC restart
Commands for restart and reset executed, getting data for 100 seconds
TTC restart
Commands for restart and reset executed, getting data for 100 seconds
[0.00219375 0.00234834 0.00213443 0.00234017 0.00199293 0.00186566
 0.00175111 0.00211008 0.00202056 0.00236404 0.00224251 0.00224481]
Results written to results_dll_fast.txt
[0.00194167 0.00201817 0.0018437  0.00190617 0.00169418 0.00163459
 0.00152276 0.00182935 0.00179489 0.00197371 0.00191454 0.00194231]
Results written to results_dll_fast.txt
[0.00176616 0.0018918  0.00171475 0.00179033 0.00165477 0.00148125
 0.00149967 0.00174758 0.00166134 0.00190733 0.00178563 0.00190014]
Results written to results_dll_fast.txt
[0.00158876 0.00175465 0.00152646 0.00156775 0.00148312 0.00138059
 0.00124771 0.0014881  0.00147123 0.00161171 0.00159982 0.00160817]
Results written to results_dll_fast.txt
[0.00142946 0.00157017 0.00141729 0.00155701 0.00133024 0.00124803
 0.0012625  0.00143813 0.0013162  0.00159577 0.00154322 0.00151022]
Results written to results_dll_fast.txt
[0.00133911 0.00151029 0.00121772 0.00134882 0.00123598 0.00111567
 0.00117966 0.00128711 0.00116555 0.00132376 0.00136251 0.00134669]
Results written to results_dll_fast.txt
[0.0012502  0.0012849  0.00113473 0.00130427 0.00111043 0.00095982
 0.00111556 0.00122929 0.00113339 0.00132537 0.00127171 0.00127043]
Results written to results_dll_fast.txt
[0.00117418 0.00128927 0.00111625 0.00117221 0.00108531 0.00094544
 0.00105527 0.0011321  0.00107317 0.00121339 0.00125288 0.00118612]
Results written to results_dll_fast.txt
[0.00116791 0.00121148 0.00103636 0.00115356 0.00110528 0.00087308
 0.00099703 0.00110653 0.00104417 0.00115755 0.00120298 0.00116711]
Results written to results_dll_fast.txt
[0.00107118 0.00117304 0.00091598 0.00113151 0.00105537 0.00085685
 0.0010173  0.00104995 0.00095301 0.00116855 0.0011898  0.00117156]
Results written to results_dll_fast.txt
[0.00105316 0.00109877 0.00098311 0.00120591 0.00105532 0.00091429
 0.00089964 0.00106317 0.00101121 0.00120877 0.0012512  0.00121265]
Results written to results_dll_fast.txt
[0.0009641  0.00108767 0.00092341 0.00112232 0.00109029 0.00089262
 0.00083398 0.00101974 0.00094936 0.00122368 0.00115143 0.0011648 ]
Results written to results_dll_fast.txt
[0.00108028 0.00109156 0.00096449 0.00113997 0.00108509 0.0009098
 0.00091157 0.00104722 0.00094768 0.0011905  0.00115611 0.00115813]
Results written to results_dll_fast.txt
[0.00101557 0.00105105 0.00096245 0.00115654 0.00102743 0.00087016
 0.00090804 0.00105985 0.00098693 0.00116052 0.00113865 0.00110875]
Results written to results_dll_fast.txt
[0.00102489 0.00102169 0.00093837 0.00108189 0.00101057 0.00089892
 0.00085791 0.00099211 0.00103294 0.00116723 0.00121287 0.00110066]
Results written to results_dll_fast.txt
[0.0010241  0.00103321 0.00096105 0.00107795 0.00093375 0.00092045
 0.00091424 0.00251081 0.00099702 0.00111638 0.0011601  0.00115347]
Results written to results_dll_fast.txt
[0.0010678  0.00101705 0.00095571 0.00108589 0.00092724 0.00087157
 0.00095781 0.00200001 0.00099968 0.00108169 0.0010758  0.00113967]
Results written to results_dll_fast.txt
[0.00103628 0.00099112 0.00097398 0.00108843 0.0009066  0.00087289
 0.00093435 0.0014353  0.00093937 0.0010991  0.00107113 0.00112545]
Results written to results_dll_fast.txt
[0.00105678 0.00095796 0.00097763 0.00112124 0.00089392 0.00088158
 0.00095514 0.00130356 0.00094119 0.00110137 0.00109999 0.00109661]
Results written to results_dll_fast.txt
[0.00106601 0.0010178  0.0009754  0.00116673 0.00086842 0.00086268
 0.00092414 0.00112453 0.00091485 0.001083   0.00109827 0.00104095]
Results written to results_dll_fast.txt
TTC restart
Commands for restart and reset executed, getting data for 100 seconds
TTC restart
Commands for restart and reset executed, getting data for 100 seconds
TTC restart
Commands for restart and reset executed, getting data for 100 seconds
TTC restart
Commands for restart and reset executed, getting data for 100 seconds
TTC restart
Commands for restart and reset executed, getting data for 100 seconds
TTC restart
Commands for restart and reset executed, getting data for 100 seconds
